This is LuaHBTeX, Version 1.12.0 (TeX Live 2020/W32TeX)  (format=lualatex 2020.5.18)  22 MAY 2020 12:15
 restricted system commands enabled.
**StormwaterHeatmapTechReference.tex
(./StormwaterHeatmapTechReference.tex
LaTeX2e <2020-02-02> patch level 5
Lua module: luaotfload-main 2020-05-06 3.14 luaotfload entry point
Lua module: luaotfload-init 2020-05-06 3.14 luaotfload submodule / initializatio
n
Lua module: lualibs 2020-05-01 2.71 ConTeXt Lua standard libraries.
Lua module: lualibs-extended 2020-05-01 2.71 ConTeXt Lua libraries -- extended c
ollection.
Lua module: luaotfload-log 2020-05-06 3.14 luaotfload submodule / logging
Lua module: luaotfload-parsers 2020-05-06 3.14 luaotfload submodule / filelist
Lua module: luaotfload-configuration 2020-05-06 3.14 luaotfload submodule / conf
ig file reader
luaotfload | conf : Root cache directory is "C:/Users/cnilsen/AppData/Roaming/Ti
nyTeX/texmf-var/luatex-cache/generic-dev/names".
luaotfload | init : Loading fontloader "fontloader-2020-05-06.lua" from kpse-res
olved path "c:/Users/cnilsen/AppData/Roaming/TinyTeX/texmf-dist/tex/luatex/luaot
fload/fontloader-2020-05-06.lua".
Lua-only attribute luaotfload@noligature = 1
Lua-only attribute luaotfload@syllabe = 2
luaotfload | init : Context OpenType loader version 0x1.8e353f7ced917p+1
Lua module: luaotfload-fallback 2020-05-06 3.14 luaotfload submodule / fallback
Lua module: luaotfload-multiscript 2020-05-06 3.14 luaotfload submodule / multis
cript
Lua module: luaotfload-script 2020-05-06 3.14 luaotfload submodule / Script help
ers
Inserting `luaotfload.node_processor' at position 1 in `pre_linebreak_filter'.
Inserting `luaotfload.node_processor' at position 1 in `hpack_filter'.
Lua module: luaotfload-loaders 2020-05-06 3.14 luaotfload submodule / callback h
andling
Inserting `luaotfload.define_font' at position 1 in `define_font'.
Lua module: luaotfload-database 2020-05-06 3.14 luaotfload submodule / database
Lua module: luaotfload-unicode 2020-05-06 3.14 luaotfload submodule / Unicode he
lpers
Lua module: luaotfload-colors 2020-05-06 3.14 luaotfload submodule / color
Lua-only attribute luaotfload_color_attribute = 3
Lua module: luaotfload-resolvers 2020-05-06 3.14 luaotfload submodule / resolver
s
luaotfload | conf : Root cache directory is "C:/Users/cnilsen/AppData/Roaming/Ti
nyTeX/texmf-var/luatex-cache/generic-dev/names".
Lua module: luaotfload-features 2020-05-06 3.14 luaotfload submodule / features
Lua module: luaotfload-harf-define 2020-05-06 3.14 luaotfload submodule / databa
se
Inserting `luaotfload.harf.strip_prefix' at position 1 in `find_opentype_file'.
Inserting `luaotfload.harf.strip_prefix' at position 1 in `find_truetype_file'.
Lua module: luaotfload-harf-plug 2020-05-06 3.14 luaotfload submodule / database
Inserting `Harf pre_output_filter callback' at position 1 in `pre_output_filter'
.
Inserting `Harf wrapup_run callback' at position 1 in `wrapup_run'.
Inserting `Harf finish_pdffile callback' at position 1 in `finish_pdffile'.
Inserting `Harf glyph_info callback' at position 1 in `glyph_info'.
Lua module: luaotfload-letterspace 2020-05-06 3.14 luaotfload submodule / color
Lua module: luaotfload-embolden 2020-05-06 3.14 luaotfload submodule / color
Lua module: luaotfload-notdef 2020-05-06 3.14 luaotfload submodule / color
Lua module: luaotfload-suppress 2020-05-06 3.14 luaotfload submodule / suppress
Lua module: luaotfload-szss 2020-05-06 3.14 luaotfload submodule / color
Lua module: luaotfload-auxiliary 2020-05-06 3.14 luaotfload submodule / auxiliar
y functions
Inserting `luaotfload.aux.set_sscale_dimens' at position 1 in `luaotfload.patch_
font'.
Inserting `luaotfload.aux.set_font_index' at position 2 in `luaotfload.patch_fon
t'.
Inserting `luaotfload.aux.patch_cambria_domh' at position 3 in `luaotfload.patch
_font'.
Inserting `luaotfload.aux.fixup_fontdata' at position 1 in `luaotfload.patch_fon
t_unsafe'.
Inserting `luaotfload.aux.set_capheight' at position 4 in `luaotfload.patch_font
'.
Inserting `luaotfload.aux.set_xheight' at position 5 in `luaotfload.patch_font'.
Lua module: luaotfload-tounicode 2020-05-06 3.14 luaotfload submodule / tounicod
e
Inserting `luaotfload.rewrite_fontname' at position 6 in `luaotfload.patch_font'
. L3 programming layer <2020-05-15> (c:/Users/cnilsen/AppData/Roaming/TinyTeX/t
exmf-dist/tex/latex/base/report.cls
Document Class: report 2019/12/20 v1.4l Standard LaTeX document class
(c:/Users/cnilsen/AppData/Roaming/TinyTeX/texmf-dist/tex/latex/base/size10.clo
File: size10.clo 2019/12/20 v1.4l Standard LaTeX file (size option)
luaotfload | db : Font names database loaded from C:/Users/cnilsen/AppData/Roami
ng/TinyTeX/texmf-var/luatex-cache/generic-dev/names/luaotfload-names.luc)
\c@part=\count163
\c@chapter=\count164
\c@section=\count165
\c@subsection=\count166
\c@subsubsection=\count167
\c@paragraph=\count168
\c@subparagraph=\count169
\c@figure=\count170
\c@table=\count171
\abovecaptionskip=\skip47
\belowcaptionskip=\skip48
\bibindent=\dimen134
) (c:/Users/cnilsen/AppData/Roaming/TinyTeX/texmf-dist/tex/latex/lm/lmodern.sty
Package: lmodern 2009/10/30 v1.6 Latin Modern Fonts
LaTeX Font Info:    Overwriting symbol font `operators' in version `normal'
(Font)                  OT1/cmr/m/n --> OT1/lmr/m/n on input line 22.
LaTeX Font Info:    Overwriting symbol font `letters' in version `normal'
(Font)                  OML/cmm/m/it --> OML/lmm/m/it on input line 23.
LaTeX Font Info:    Overwriting symbol font `symbols' in version `normal'
(Font)                  OMS/cmsy/m/n --> OMS/lmsy/m/n on input line 24.
LaTeX Font Info:    Overwriting symbol font `largesymbols' in version `normal'
(Font)                  OMX/cmex/m/n --> OMX/lmex/m/n on input line 25.
LaTeX Font Info:    Overwriting symbol font `operators' in version `bold'
(Font)                  OT1/cmr/bx/n --> OT1/lmr/bx/n on input line 26.
LaTeX Font Info:    Overwriting symbol font `letters' in version `bold'
(Font)                  OML/cmm/b/it --> OML/lmm/b/it on input line 27.
LaTeX Font Info:    Overwriting symbol font `symbols' in version `bold'
(Font)                  OMS/cmsy/b/n --> OMS/lmsy/b/n on input line 28.
LaTeX Font Info:    Overwriting symbol font `largesymbols' in version `bold'
(Font)                  OMX/cmex/m/n --> OMX/lmex/m/n on input line 29.
LaTeX Font Info:    Overwriting math alphabet `\mathbf' in version `normal'
(Font)                  OT1/cmr/bx/n --> OT1/lmr/bx/n on input line 31.
LaTeX Font Info:    Overwriting math alphabet `\mathsf' in version `normal'
(Font)                  OT1/cmss/m/n --> OT1/lmss/m/n on input line 32.
LaTeX Font Info:    Overwriting math alphabet `\mathit' in version `normal'
(Font)                  OT1/cmr/m/it --> OT1/lmr/m/it on input line 33.
LaTeX Font Info:    Overwriting math alphabet `\mathtt' in version `normal'
(Font)                  OT1/cmtt/m/n --> OT1/lmtt/m/n on input line 34.
LaTeX Font Info:    Overwriting math alphabet `\mathbf' in version `bold'
(Font)                  OT1/cmr/bx/n --> OT1/lmr/bx/n on input line 35.
LaTeX Font Info:    Overwriting math alphabet `\mathsf' in version `bold'
(Font)                  OT1/cmss/bx/n --> OT1/lmss/bx/n on input line 36.
LaTeX Font Info:    Overwriting math alphabet `\mathit' in version `bold'
(Font)                  OT1/cmr/bx/it --> OT1/lmr/bx/it on input line 37.
LaTeX Font Info:    Overwriting math alphabet `\mathtt' in version `bold'
(Font)                  OT1/cmtt/m/n --> OT1/lmtt/m/n on input line 38.
)
(c:/Users/cnilsen/AppData/Roaming/TinyTeX/texmf-dist/tex/latex/amsfonts/amssymb
.sty
Package: amssymb 2013/01/14 v3.01 AMS font symbols

(c:/Users/cnilsen/AppData/Roaming/TinyTeX/texmf-dist/tex/latex/amsfonts/amsfont
s.sty
Package: amsfonts 2013/01/14 v3.01 Basic AMSFonts support
\@emptytoks=\toks15
\symAMSa=\mathgroup4
\symAMSb=\mathgroup5
LaTeX Font Info:    Redeclaring math symbol \hbar on input line 98.
LaTeX Font Info:    Overwriting math alphabet `\mathfrak' in version `bold'
(Font)                  U/euf/m/n --> U/euf/b/n on input line 106.
))
(c:/Users/cnilsen/AppData/Roaming/TinyTeX/texmf-dist/tex/latex/amsmath/amsmath.
sty
Package: amsmath 2020/01/20 v2.17e AMS math features
\@mathmargin=\skip49
For additional information on amsmath, use the `?' option.

(c:/Users/cnilsen/AppData/Roaming/TinyTeX/texmf-dist/tex/latex/amsmath/amstext.
sty
Package: amstext 2000/06/29 v2.01 AMS text

(c:/Users/cnilsen/AppData/Roaming/TinyTeX/texmf-dist/tex/latex/amsmath/amsgen.s
ty
File: amsgen.sty 1999/11/30 v2.0 generic functions
\@emptytoks=\toks16
\ex@=\dimen135
))
(c:/Users/cnilsen/AppData/Roaming/TinyTeX/texmf-dist/tex/latex/amsmath/amsbsy.s
ty
Package: amsbsy 1999/11/29 v1.2d Bold Symbols
\pmbraise@=\dimen136
)
(c:/Users/cnilsen/AppData/Roaming/TinyTeX/texmf-dist/tex/latex/amsmath/amsopn.s
ty
Package: amsopn 2016/03/08 v2.02 operator names
)
\inf@bad=\count172
LaTeX Info: Redefining \frac on input line 227.
\uproot@=\count173
\leftroot@=\count174
LaTeX Info: Redefining \overline on input line 389.
\classnum@=\count175
\DOTSCASE@=\count176
LaTeX Info: Redefining \ldots on input line 486.
LaTeX Info: Redefining \dots on input line 489.
LaTeX Info: Redefining \cdots on input line 610.
\Mathstrutbox@=\box45
\strutbox@=\box46
\big@size=\dimen137
LaTeX Font Info:    Redeclaring font encoding OML on input line 733.
LaTeX Font Info:    Redeclaring font encoding OMS on input line 734.
\macc@depth=\count177
\c@MaxMatrixCols=\count178
\dotsspace@=\muskip16
\c@parentequation=\count179
\dspbrk@lvl=\count180
\tag@help=\toks17
\row@=\count181
\column@=\count182
\maxfields@=\count183
\andhelp@=\toks18
\eqnshift@=\dimen138
\alignsep@=\dimen139
\tagshift@=\dimen140
\tagwidth@=\dimen141
\totwidth@=\dimen142
\lineht@=\dimen143
\@envbody=\toks19
\multlinegap=\skip50
\multlinetaggap=\skip51
\mathdisplay@stack=\toks20
LaTeX Info: Redefining \[ on input line 2859.
LaTeX Info: Redefining \] on input line 2860.
)
(c:/Users/cnilsen/AppData/Roaming/TinyTeX/texmf-dist/tex/generic/iftex/ifxetex.
sty
Package: ifxetex 2019/10/25 v0.7 ifxetex legacy package. Use iftex instead.

(c:/Users/cnilsen/AppData/Roaming/TinyTeX/texmf-dist/tex/generic/iftex/iftex.st
y
Package: iftex 2020/03/06 v1.0d TeX engine tests
))
(c:/Users/cnilsen/AppData/Roaming/TinyTeX/texmf-dist/tex/generic/iftex/ifluatex
.sty
Package: ifluatex 2019/10/25 v1.5 ifluatex legacy package. Use iftex instead.
)
(c:/Users/cnilsen/AppData/Roaming/TinyTeX/texmf-dist/tex/latex/unicode-math/uni
code-math.sty
(c:/Users/cnilsen/AppData/Roaming/TinyTeX/texmf-dist/tex/latex/l3kernel/expl3.s
ty
Package: expl3 2020-05-15 L3 programming layer (loader) 

(c:/Users/cnilsen/AppData/Roaming/TinyTeX/texmf-dist/tex/latex/l3backend/l3back
end-pdfmode.def
File: l3backend-pdfmode.def 2020-05-05 L3 backend support: PDF mode
\l__kernel_color_stack_int=\count184
\l__pdf_internal_box=\box47
))
Package: unicode-math 2020/01/31 v0.8q Unicode maths in XeLaTeX and LuaLaTeX

(c:/Users/cnilsen/AppData/Roaming/TinyTeX/texmf-dist/tex/latex/unicode-math/uni
code-math-luatex.sty
Package: unicode-math-luatex 2020/01/31 v0.8q Unicode maths in XeLaTeX and LuaLa
TeX

(c:/Users/cnilsen/AppData/Roaming/TinyTeX/texmf-dist/tex/latex/l3packages/xpars
e/xparse.sty
Package: xparse 2020-05-15 L3 Experimental document command parser

(c:/Users/cnilsen/AppData/Roaming/TinyTeX/texmf-dist/tex/latex/l3packages/xpars
e/xparse-generic.tex
\l__xparse_current_arg_int=\count185
\g__xparse_grabber_int=\count186
\l__xparse_m_args_int=\count187
\l__xparse_v_nesting_int=\count188
))
(c:/Users/cnilsen/AppData/Roaming/TinyTeX/texmf-dist/tex/latex/l3packages/l3key
s2e/l3keys2e.sty
Package: l3keys2e 2020-05-15 LaTeX2e option processing using LaTeX3 keys
)
(c:/Users/cnilsen/AppData/Roaming/TinyTeX/texmf-dist/tex/latex/fontspec/fontspe
c.sty
Package: fontspec 2020/02/21 v2.7i Font selection for XeLaTeX and LuaLaTeX
Lua module: fontspec 2020/02/21 2.7i Font selection for XeLaTeX and LuaLaTeX
(c:/Users/cnilsen/AppData/Roaming/TinyTeX/texmf-dist/tex/latex/fontspec/fontspe
c-luatex.sty
Package: fontspec-luatex 2020/02/21 v2.7i Font selection for XeLaTeX and LuaLaTe
X
\l__fontspec_script_int=\count189
\l__fontspec_language_int=\count190
\l__fontspec_strnum_int=\count191
\l__fontspec_tmp_int=\count192
\l__fontspec_tmpa_int=\count193
\l__fontspec_tmpb_int=\count194
\l__fontspec_tmpc_int=\count195
\l__fontspec_em_int=\count196
\l__fontspec_emdef_int=\count197
\l__fontspec_strong_int=\count198
\l__fontspec_strongdef_int=\count199
\l__fontspec_tmpa_dim=\dimen144
\l__fontspec_tmpb_dim=\dimen145
\l__fontspec_tmpc_dim=\dimen146

(c:/Users/cnilsen/AppData/Roaming/TinyTeX/texmf-dist/tex/latex/base/fontenc.sty
Package: fontenc 2020/02/11 v2.0o Standard LaTeX package
)
(c:/Users/cnilsen/AppData/Roaming/TinyTeX/texmf-dist/tex/latex/fontspec/fontspe
c.cfg))) (c:/Users/cnilsen/AppData/Roaming/TinyTeX/texmf-dist/tex/latex/base/fi
x-cm.sty
Package: fix-cm 2015/01/14 v1.1t fixes to LaTeX
(c:/Users/cnilsen/AppData/Roaming/TinyTeX/texmf-dist/tex/latex/base/ts1enc.def
File: ts1enc.def 2001/06/05 v3.0e (jk/car/fm) Standard LaTeX file
LaTeX Font Info:    Redeclaring font encoding TS1 on input line 47.
))
(c:/Users/cnilsen/AppData/Roaming/TinyTeX/texmf-dist/tex/lualatex/lualatex-math
/lualatex-math.sty
Package: lualatex-math 2019/01/21 v1.8 Patches for mathematics typesetting with 
LuaLaTeX

(c:/Users/cnilsen/AppData/Roaming/TinyTeX/texmf-dist/tex/latex/etoolbox/etoolbo
x.sty
Package: etoolbox 2019/09/21 v2.5h e-TeX tools for LaTeX (JAW)
\etb@tempcnta=\count266
)
(c:/Users/cnilsen/AppData/Roaming/TinyTeX/texmf-dist/tex/latex/filehook/filehoo
k.sty
Package: filehook 2020/02/03 v0.7 Hooks for input files
)
Lua module: lualatex-math 2013/08/03 1.3 Patches for mathematics typesetting wit
h LuaLaTeX

Package lualatex-math Info: I'm going to patch macro \subarray.


Package lualatex-math Info: I'm going to patch macro \frac .


Package lualatex-math Info: I'm going to patch macro \genfrac .

)
\g__um_fam_int=\count267
\g__um_fonts_used_int=\count268
\l__um_primecount_int=\count269
\g__um_primekern_muskip=\muskip17

(c:/Users/cnilsen/AppData/Roaming/TinyTeX/texmf-dist/tex/latex/unicode-math/uni
code-math-table.tex)))
(c:/Users/cnilsen/AppData/Roaming/TinyTeX/texmf-dist/tex/latex/upquote/upquote.
sty
Package: upquote 2012/04/19 v1.3 upright-quote and grave-accent glyphs in verbat
im

(c:/Users/cnilsen/AppData/Roaming/TinyTeX/texmf-dist/tex/latex/base/textcomp.st
y
Package: textcomp 2020/02/02 v2.0n Standard LaTeX package
))
(c:/Users/cnilsen/AppData/Roaming/TinyTeX/texmf-dist/tex/latex/xcolor/xcolor.st
y
Package: xcolor 2016/05/11 v2.12 LaTeX color extensions (UK)

(c:/Users/cnilsen/AppData/Roaming/TinyTeX/texmf-dist/tex/latex/graphics-cfg/col
or.cfg
File: color.cfg 2016/01/02 v1.6 sample color configuration
)
Package xcolor Info: Driver file: luatex.def on input line 225.

(c:/Users/cnilsen/AppData/Roaming/TinyTeX/texmf-dist/tex/latex/graphics-def/lua
tex.def
File: luatex.def 2018/01/08 v1.0l Graphics/color driver for luatex
)
Package xcolor Info: Model `cmy' substituted by `cmy0' on input line 1348.
Package xcolor Info: Model `hsb' substituted by `rgb' on input line 1352.
Package xcolor Info: Model `RGB' extended on input line 1364.
Package xcolor Info: Model `HTML' substituted by `rgb' on input line 1366.
Package xcolor Info: Model `Hsb' substituted by `hsb' on input line 1367.
Package xcolor Info: Model `tHsb' substituted by `hsb' on input line 1368.
Package xcolor Info: Model `HSB' substituted by `hsb' on input line 1369.
Package xcolor Info: Model `Gray' substituted by `gray' on input line 1370.
Package xcolor Info: Model `wave' substituted by `hsb' on input line 1371.
)
(c:/Users/cnilsen/AppData/Roaming/TinyTeX/texmf-dist/tex/latex/hyperref/hyperre
f.sty
Package: hyperref 2020-05-15 v7.00e Hypertext links for LaTeX

(c:/Users/cnilsen/AppData/Roaming/TinyTeX/texmf-dist/tex/generic/ltxcmds/ltxcmd
s.sty
Package: ltxcmds 2019/12/15 v1.24 LaTeX kernel commands for general use (HO)
)
(c:/Users/cnilsen/AppData/Roaming/TinyTeX/texmf-dist/tex/latex/pdftexcmds/pdfte
xcmds.sty
Package: pdftexcmds 2019/11/24 v0.31 Utility functions of pdfTeX for LuaTeX (HO)


(c:/Users/cnilsen/AppData/Roaming/TinyTeX/texmf-dist/tex/generic/infwarerr/infw
arerr.sty
Package: infwarerr 2019/12/03 v1.5 Providing info/warning/error messages (HO)
)
Package pdftexcmds Info: \pdf@primitive is available.
Package pdftexcmds Info: \pdf@ifprimitive is available.
Package pdftexcmds Info: \pdfdraftmode found.
\pdftexcmds@toks=\toks21
)
(c:/Users/cnilsen/AppData/Roaming/TinyTeX/texmf-dist/tex/latex/graphics/keyval.
sty
Package: keyval 2014/10/28 v1.15 key=value parser (DPC)
\KV@toks@=\toks22
)
(c:/Users/cnilsen/AppData/Roaming/TinyTeX/texmf-dist/tex/generic/kvsetkeys/kvse
tkeys.sty
Package: kvsetkeys 2019/12/15 v1.18 Key value parser (HO)
)
(c:/Users/cnilsen/AppData/Roaming/TinyTeX/texmf-dist/tex/generic/kvdefinekeys/k
vdefinekeys.sty
Package: kvdefinekeys 2019-12-19 v1.6 Define keys (HO)
)
(c:/Users/cnilsen/AppData/Roaming/TinyTeX/texmf-dist/tex/generic/pdfescape/pdfe
scape.sty
Package: pdfescape 2019/12/09 v1.15 Implements pdfTeX's escape features (HO)
)
(c:/Users/cnilsen/AppData/Roaming/TinyTeX/texmf-dist/tex/latex/hycolor/hycolor.
sty
Package: hycolor 2020-01-27 v1.10 Color options for hyperref/bookmark (HO)
)
(c:/Users/cnilsen/AppData/Roaming/TinyTeX/texmf-dist/tex/latex/letltxmacro/letl
txmacro.sty
Package: letltxmacro 2019/12/03 v1.6 Let assignment for LaTeX macros (HO)
)
(c:/Users/cnilsen/AppData/Roaming/TinyTeX/texmf-dist/tex/latex/auxhook/auxhook.
sty
Package: auxhook 2019-12-17 v1.6 Hooks for auxiliary files (HO)
)
(c:/Users/cnilsen/AppData/Roaming/TinyTeX/texmf-dist/tex/latex/kvoptions/kvopti
ons.sty
Package: kvoptions 2019/11/29 v3.13 Key value format for package options (HO)
)
\@linkdim=\dimen147
\Hy@linkcounter=\count270
\Hy@pagecounter=\count271

(c:/Users/cnilsen/AppData/Roaming/TinyTeX/texmf-dist/tex/latex/hyperref/pd1enc.
def
File: pd1enc.def 2020-05-15 v7.00e Hyperref: PDFDocEncoding definition (HO)
)
(c:/Users/cnilsen/AppData/Roaming/TinyTeX/texmf-dist/tex/generic/intcalc/intcal
c.sty
Package: intcalc 2019/12/15 v1.3 Expandable calculations with integers (HO)
)
(c:/Users/cnilsen/AppData/Roaming/TinyTeX/texmf-dist/tex/generic/etexcmds/etexc
mds.sty
Package: etexcmds 2019/12/15 v1.7 Avoid name clashes with e-TeX commands (HO)
)
\Hy@SavedSpaceFactor=\count272
Package hyperref Info: Option `unicode' set `true' on input line 4338.

(c:/Users/cnilsen/AppData/Roaming/TinyTeX/texmf-dist/tex/latex/hyperref/puenc.d
ef
File: puenc.def 2020-05-15 v7.00e Hyperref: PDF Unicode definition (HO)
)
Package hyperref Info: Hyper figures OFF on input line 4464.
Package hyperref Info: Link nesting OFF on input line 4469.
Package hyperref Info: Hyper index ON on input line 4472.
Package hyperref Info: Plain pages OFF on input line 4479.
Package hyperref Info: Backreferencing OFF on input line 4484.
Package hyperref Info: Implicit mode ON; LaTeX internals redefined.
Package hyperref Info: Bookmarks ON on input line 4717.
\c@Hy@tempcnt=\count273
(c:/Users/cnilsen/AppData/Roaming/TinyTeX/texmf-dist/tex/latex/url/url.sty
\Urlmuskip=\muskip18
Package: url 2013/09/16  ver 3.4  Verb mode for urls, etc.
)
LaTeX Info: Redefining \url on input line 5076.
\XeTeXLinkMargin=\dimen148

(c:/Users/cnilsen/AppData/Roaming/TinyTeX/texmf-dist/tex/generic/bitset/bitset.
sty
Package: bitset 2019/12/09 v1.3 Handle bit-vector datatype (HO)

(c:/Users/cnilsen/AppData/Roaming/TinyTeX/texmf-dist/tex/generic/bigintcalc/big
intcalc.sty
Package: bigintcalc 2019/12/15 v1.5 Expandable calculations on big integers (HO)

))
\Fld@menulength=\count274
\Field@Width=\dimen149
\Fld@charsize=\dimen150
Package hyperref Info: Hyper figures OFF on input line 6347.
Package hyperref Info: Link nesting OFF on input line 6352.
Package hyperref Info: Hyper index ON on input line 6355.
Package hyperref Info: backreferencing OFF on input line 6362.
Package hyperref Info: Link coloring OFF on input line 6367.
Package hyperref Info: Link coloring with OCG OFF on input line 6372.
Package hyperref Info: PDF/A mode OFF on input line 6377.
LaTeX Info: Redefining \ref on input line 6417.
LaTeX Info: Redefining \pageref on input line 6421.

(c:/Users/cnilsen/AppData/Roaming/TinyTeX/texmf-dist/tex/generic/atbegshi/atbeg
shi.sty
Package: atbegshi 2019/12/05 v1.19 At begin shipout hook (HO)
)
\Hy@abspage=\count275
\c@Item=\count276
\c@Hfootnote=\count277
)
Package hyperref Info: Driver (autodetected): hluatex.

(c:/Users/cnilsen/AppData/Roaming/TinyTeX/texmf-dist/tex/latex/hyperref/hluatex
.def
File: hluatex.def 2020-05-15 v7.00e Hyperref driver for luaTeX

(c:/Users/cnilsen/AppData/Roaming/TinyTeX/texmf-dist/tex/generic/stringenc/stri
ngenc.sty
Package: stringenc 2019/11/29 v1.12 Convert strings between diff. encodings (HO)

)
(c:/Users/cnilsen/AppData/Roaming/TinyTeX/texmf-dist/tex/latex/atveryend/atvery
end.sty
Package: atveryend 2019-12-11 v1.11 Hooks at the very end of document (HO)
)
\Fld@listcount=\count278
\c@bookmark@seq@number=\count279

(c:/Users/cnilsen/AppData/Roaming/TinyTeX/texmf-dist/tex/latex/rerunfilecheck/r
erunfilecheck.sty
Package: rerunfilecheck 2019/12/05 v1.9 Rerun checks for auxiliary files (HO)

(c:/Users/cnilsen/AppData/Roaming/TinyTeX/texmf-dist/tex/generic/uniquecounter/
uniquecounter.sty
Package: uniquecounter 2019/12/15 v1.4 Provide unlimited unique counter (HO)
)
Package uniquecounter Info: New unique counter `rerunfilecheck' on input line 28
6.
)
\Hy@SectionHShift=\skip52
)
(c:/Users/cnilsen/AppData/Roaming/TinyTeX/texmf-dist/tex/latex/geometry/geometr
y.sty
Package: geometry 2020/01/02 v5.9 Page Geometry

(c:/Users/cnilsen/AppData/Roaming/TinyTeX/texmf-dist/tex/generic/iftex/ifvtex.s
ty
Package: ifvtex 2019/10/25 v1.7 ifvtex legacy package. Use iftex instead.
)
\Gm@cnth=\count280
\Gm@cntv=\count281
\c@Gm@tempcnt=\count282
\Gm@bindingoffset=\dimen151
\Gm@wd@mp=\dimen152
\Gm@odd@mp=\dimen153
\Gm@even@mp=\dimen154
\Gm@layoutwidth=\dimen155
\Gm@layoutheight=\dimen156
\Gm@layouthoffset=\dimen157
\Gm@layoutvoffset=\dimen158
\Gm@dimlist=\toks23
)
(c:/Users/cnilsen/AppData/Roaming/TinyTeX/texmf-dist/tex/latex/tools/longtable.
sty
Package: longtable 2020/01/07 v4.13 Multi-page Table package (DPC)
\LTleft=\skip53
\LTright=\skip54
\LTpre=\skip55
\LTpost=\skip56
\LTchunksize=\count283
\LTcapwidth=\dimen159
\LT@head=\box48
\LT@firsthead=\box49
\LT@foot=\box50
\LT@lastfoot=\box51
\LT@cols=\count284
\LT@rows=\count285
\c@LT@tables=\count286
\c@LT@chunks=\count287
\LT@p@ftn=\toks24
)
(c:/Users/cnilsen/AppData/Roaming/TinyTeX/texmf-dist/tex/latex/booktabs/booktab
s.sty
Package: booktabs 2020/01/12 v1.61803398 Publication quality tables
\heavyrulewidth=\dimen160
\lightrulewidth=\dimen161
\cmidrulewidth=\dimen162
\belowrulesep=\dimen163
\belowbottomsep=\dimen164
\aboverulesep=\dimen165
\abovetopsep=\dimen166
\cmidrulesep=\dimen167
\cmidrulekern=\dimen168
\defaultaddspace=\dimen169
\@cmidla=\count288
\@cmidlb=\count289
\@aboverulesep=\dimen170
\@belowrulesep=\dimen171
\@thisruleclass=\count290
\@lastruleclass=\count291
\@thisrulewidth=\dimen172
)
(c:/Users/cnilsen/AppData/Roaming/TinyTeX/texmf-dist/tex/latex/mdwtools/footnot
e.sty
Package: footnote 1997/01/28 1.13 Save footnotes around boxes
\fn@notes=\box52
\fn@width=\dimen173
)
(c:/Users/cnilsen/AppData/Roaming/TinyTeX/texmf-dist/tex/latex/graphics/graphic
x.sty
Package: graphicx 2019/11/30 v1.2a Enhanced LaTeX Graphics (DPC,SPQR)

(c:/Users/cnilsen/AppData/Roaming/TinyTeX/texmf-dist/tex/latex/graphics/graphic
s.sty
Package: graphics 2019/11/30 v1.4a Standard LaTeX Graphics (DPC,SPQR)

(c:/Users/cnilsen/AppData/Roaming/TinyTeX/texmf-dist/tex/latex/graphics/trig.st
y
Package: trig 2016/01/03 v1.10 sin cos tan (DPC)
)
(c:/Users/cnilsen/AppData/Roaming/TinyTeX/texmf-dist/tex/latex/graphics-cfg/gra
phics.cfg
File: graphics.cfg 2016/06/04 v1.11 sample graphics configuration
)
Package graphics Info: Driver file: luatex.def on input line 105.
)
\Gin@req@height=\dimen174
\Gin@req@width=\dimen175
)
(c:/Users/cnilsen/AppData/Roaming/TinyTeX/texmf-dist/tex/latex/grffile/grffile.
sty
Package: grffile 2019/11/11 v2.1 Extended file name support for graphics (legacy
)
Package grffile Info: This package is an empty stub for compatibility on input l
ine 40.
)

LaTeX Warning: Unused global option(s):
    [8pt].

(./StormwaterHeatmapTechReference.aux

LaTeX Warning: Label `' multiply defined.


LaTeX Warning: Label `' multiply defined.


LaTeX Warning: Label `' multiply defined.


LaTeX Warning: Label `' multiply defined.


LaTeX Warning: Label `' multiply defined.


LaTeX Warning: Label `' multiply defined.


LaTeX Warning: Label `' multiply defined.


LaTeX Warning: Label `' multiply defined.


LaTeX Warning: Label `' multiply defined.

)
\openout1 = StormwaterHeatmapTechReference.aux

LaTeX Font Info:    Checking defaults for OML/cmm/m/it on input line 84.
LaTeX Font Info:    ... okay on input line 84.
LaTeX Font Info:    Checking defaults for OMS/cmsy/m/n on input line 84.
LaTeX Font Info:    ... okay on input line 84.
LaTeX Font Info:    Checking defaults for OT1/cmr/m/n on input line 84.
LaTeX Font Info:    ... okay on input line 84.
LaTeX Font Info:    Checking defaults for T1/cmr/m/n on input line 84.
LaTeX Font Info:    ... okay on input line 84.
LaTeX Font Info:    Checking defaults for TS1/cmr/m/n on input line 84.
LaTeX Font Info:    ... okay on input line 84.
LaTeX Font Info:    Checking defaults for TU/lmr/m/n on input line 84.
LaTeX Font Info:    ... okay on input line 84.
LaTeX Font Info:    Checking defaults for OMX/cmex/m/n on input line 84.
LaTeX Font Info:    ... okay on input line 84.
LaTeX Font Info:    Checking defaults for U/cmr/m/n on input line 84.
LaTeX Font Info:    ... okay on input line 84.
LaTeX Font Info:    Checking defaults for PD1/pdf/m/n on input line 84.
LaTeX Font Info:    ... okay on input line 84.
LaTeX Font Info:    Checking defaults for PU/pdf/m/n on input line 84.
LaTeX Font Info:    ... okay on input line 84.
LaTeX Font Info:    Overwriting math alphabet `\mathrm' in version `normal'
(Font)                  OT1/lmr/m/n --> TU/lmr/m/n on input line 84.
LaTeX Font Info:    Overwriting math alphabet `\mathit' in version `normal'
(Font)                  OT1/lmr/m/it --> TU/lmr/m/it on input line 84.
LaTeX Font Info:    Overwriting math alphabet `\mathbf' in version `normal'
(Font)                  OT1/lmr/bx/n --> TU/lmr/bx/n on input line 84.
LaTeX Font Info:    Overwriting math alphabet `\mathsf' in version `normal'
(Font)                  OT1/lmss/m/n --> TU/lmss/m/n on input line 84.
LaTeX Font Info:    Overwriting math alphabet `\mathsf' in version `bold'
(Font)                  OT1/lmss/bx/n --> TU/lmss/bx/n on input line 84.
LaTeX Font Info:    Overwriting math alphabet `\mathtt' in version `normal'
(Font)                  OT1/lmtt/m/n --> TU/lmtt/m/n on input line 84.
LaTeX Font Info:    Overwriting math alphabet `\mathtt' in version `bold'
(Font)                  OT1/lmtt/m/n --> TU/lmtt/bx/n on input line 84.

Package fontspec Info: latinmodern-math scale = 0.9999964596882403.


Package fontspec Info: latinmodern-math scale = 0.9999964596882403.


Package fontspec Info: latinmodern-math scale = 0.9999964596882403.


Package fontspec Info: Font family 'latinmodern-math.otf(0)' created for font
(fontspec)             'latinmodern-math.otf' with options
(fontspec)             [Scale=MatchLowercase,Renderer=Basic,BoldItalicFont={},It
alicFont={},SmallCapsFont={},Script=Math,FontAdjustment={\__um_luatex_copy_fontd
imens:
(fontspec)             },BoldFont={latinmodern-math.otf}].
(fontspec)              
(fontspec)              This font family consists of the following NFSS
(fontspec)             series/shapes:
(fontspec)              
(fontspec)             - 'normal' (m/n) with NFSS spec.:
(fontspec)             <->s*[0.9999964596882403]"[latinmodern-math.otf]:mode=bas
e;script=math;language=dflt;"
(fontspec)             - 'small caps'  (m/sc) with NFSS spec.: 
(fontspec)             and font adjustment code:
(fontspec)             \__um_luatex_copy_fontdimens: 
(fontspec)             - 'bold' (b/n) with NFSS spec.:
(fontspec)             <->s*[0.9999964596882403]"[latinmodern-math.otf]:mode=bas
e;script=math;language=dflt;"
(fontspec)             - 'bold small caps'  (b/sc) with NFSS spec.: 
(fontspec)             and font adjustment code:
(fontspec)             \__um_luatex_copy_fontdimens: 

LaTeX Font Info:    Font shape `TU/latinmodern-math.otf(0)/m/n' will be
(Font)              scaled to size 10.0pt on input line 84.

Package fontspec Info: latinmodern-math scale = 0.9999964596882403.


Package fontspec Info: latinmodern-math scale = 0.9999964596882403.


Package fontspec Info: latinmodern-math scale = 0.9999964596882403.


Package fontspec Info: latinmodern-math scale = 0.9999964596882403.


Package fontspec Info: latinmodern-math scale = 0.9999964596882403.


Package fontspec Info: Font family 'latinmodern-math.otf(1)' created for font
(fontspec)             'latinmodern-math.otf' with options
(fontspec)             [Scale=MatchLowercase,Renderer=Basic,BoldItalicFont={},It
alicFont={},SmallCapsFont={},Script=Math,SizeFeatures={{Size=8.5-},{Size=6-8.5,F
ont=latinmodern-math.otf,Style=MathScript},{Size=-6,Font=latinmodern-math.otf,St
yle=MathScriptScript}},FontAdjustment={\__um_luatex_copy_fontdimens:
(fontspec)             },BoldFont={latinmodern-math.otf}].
(fontspec)              
(fontspec)              This font family consists of the following NFSS
(fontspec)             series/shapes:
(fontspec)              
(fontspec)             - 'normal' (m/n) with NFSS spec.:
(fontspec)             <8.5->s*[0.9999964596882403]"[latinmodern-math.otf]:mode=
base;script=math;language=dflt;"<6-8.5>s*[0.9999964596882403]"[latinmodern-math.
otf]:mode=base;script=math;language=dflt;+ssty=0;"<-6>s*[0.9999964596882403]"[la
tinmodern-math.otf]:mode=base;script=math;language=dflt;+ssty=1;"
(fontspec)             - 'small caps'  (m/sc) with NFSS spec.: 
(fontspec)             and font adjustment code:
(fontspec)             \__um_luatex_copy_fontdimens: 
(fontspec)             - 'bold' (b/n) with NFSS spec.:
(fontspec)             <->s*[0.9999964596882403]"[latinmodern-math.otf]:mode=bas
e;script=math;language=dflt;"
(fontspec)             - 'bold small caps'  (b/sc) with NFSS spec.: 
(fontspec)             and font adjustment code:
(fontspec)             \__um_luatex_copy_fontdimens: 

LaTeX Font Info:    Font shape `TU/latinmodern-math.otf(1)/m/n' will be
(Font)              scaled to size 10.0pt on input line 84.
LaTeX Font Info:    Encoding `OT1' has changed to `TU' for symbol font
(Font)              `operators' in the math version `normal' on input line 84.
LaTeX Font Info:    Overwriting symbol font `operators' in version `normal'
(Font)                  OT1/lmr/m/n --> TU/latinmodern-math.otf(1)/m/n on input 
line 84.
LaTeX Font Info:    Encoding `OT1' has changed to `TU' for symbol font
(Font)              `operators' in the math version `bold' on input line 84.
LaTeX Font Info:    Overwriting symbol font `operators' in version `bold'
(Font)                  OT1/lmr/bx/n --> TU/latinmodern-math.otf(1)/b/n on input
 line 84.

Package fontspec Info: latinmodern-math scale = 0.9999964596882403.


Package fontspec Info: latinmodern-math scale = 1.000096459334209.


Package fontspec Info: latinmodern-math scale = 0.9999964596882403.


Package fontspec Info: latinmodern-math scale = 1.000096459334209.


Package fontspec Info: latinmodern-math scale = 0.9999964596882403.


Package fontspec Info: latinmodern-math scale = 1.000096459334209.


Package fontspec Info: latinmodern-math scale = 0.9999964596882403.


Package fontspec Info: latinmodern-math scale = 1.000096459334209.


Package fontspec Info: latinmodern-math scale = 0.9999964596882403.


Package fontspec Info: latinmodern-math scale = 1.000096459334209.


Package fontspec Info: Font family 'latinmodern-math.otf(2)' created for font
(fontspec)             'latinmodern-math.otf' with options
(fontspec)             [Scale=MatchLowercase,Renderer=Basic,BoldItalicFont={},It
alicFont={},SmallCapsFont={},Script=Math,SizeFeatures={{Size=8.5-},{Size=6-8.5,F
ont=latinmodern-math.otf,Style=MathScript},{Size=-6,Font=latinmodern-math.otf,St
yle=MathScriptScript}},FontAdjustment={\__um_luatex_copy_fontdimens:
(fontspec)             },BoldFont={latinmodern-math.otf},ScaleAgain=1.0001,FontA
djustment={\fontdimen
(fontspec)             8\font =6.76999pt\relax \fontdimen 9\font
(fontspec)             =3.93999pt\relax \fontdimen 10\font =4.43999pt\relax
(fontspec)             \fontdimen 11\font =6.85999pt\relax \fontdimen 12\font
(fontspec)             =3.45pt\relax \fontdimen 13\font =3.62999pt\relax
(fontspec)             \fontdimen 14\font =3.62999pt\relax \fontdimen 15\font
(fontspec)             =2.89pt\relax \fontdimen 16\font =2.46999pt\relax
(fontspec)             \fontdimen 17\font =2.46999pt\relax \fontdimen 18\font
(fontspec)             =2.5pt\relax \fontdimen 19\font =2.0pt\relax \fontdimen
(fontspec)             22\font =2.5pt\relax \fontdimen 20\font =0pt\relax
(fontspec)             \fontdimen 21\font =0pt\relax }].
(fontspec)              
(fontspec)              This font family consists of the following NFSS
(fontspec)             series/shapes:
(fontspec)              
(fontspec)             - 'normal' (m/n) with NFSS spec.:
(fontspec)             <8.5->s*[1.000096459334209]"[latinmodern-math.otf]:mode=b
ase;script=math;language=dflt;"<6-8.5>s*[1.000096459334209]"[latinmodern-math.ot
f]:mode=base;script=math;language=dflt;+ssty=0;"<-6>s*[1.000096459334209]"[latin
modern-math.otf]:mode=base;script=math;language=dflt;+ssty=1;"
(fontspec)             - 'small caps'  (m/sc) with NFSS spec.: 
(fontspec)             and font adjustment code:
(fontspec)             \__um_luatex_copy_fontdimens: \fontdimen 8\font
(fontspec)             =6.76999pt\relax \fontdimen 9\font =3.93999pt\relax
(fontspec)             \fontdimen 10\font =4.43999pt\relax \fontdimen 11\font
(fontspec)             =6.85999pt\relax \fontdimen 12\font =3.45pt\relax
(fontspec)             \fontdimen 13\font =3.62999pt\relax \fontdimen 14\font
(fontspec)             =3.62999pt\relax \fontdimen 15\font =2.89pt\relax
(fontspec)             \fontdimen 16\font =2.46999pt\relax \fontdimen 17\font
(fontspec)             =2.46999pt\relax \fontdimen 18\font =2.5pt\relax
(fontspec)             \fontdimen 19\font =2.0pt\relax \fontdimen 22\font
(fontspec)             =2.5pt\relax \fontdimen 20\font =0pt\relax \fontdimen
(fontspec)             21\font =0pt\relax 
(fontspec)             - 'bold' (b/n) with NFSS spec.:
(fontspec)             <->s*[1.000096459334209]"[latinmodern-math.otf]:mode=base
;script=math;language=dflt;"
(fontspec)             - 'bold small caps'  (b/sc) with NFSS spec.: 
(fontspec)             and font adjustment code:
(fontspec)             \__um_luatex_copy_fontdimens: \fontdimen 8\font
(fontspec)             =6.76999pt\relax \fontdimen 9\font =3.93999pt\relax
(fontspec)             \fontdimen 10\font =4.43999pt\relax \fontdimen 11\font
(fontspec)             =6.85999pt\relax \fontdimen 12\font =3.45pt\relax
(fontspec)             \fontdimen 13\font =3.62999pt\relax \fontdimen 14\font
(fontspec)             =3.62999pt\relax \fontdimen 15\font =2.89pt\relax
(fontspec)             \fontdimen 16\font =2.46999pt\relax \fontdimen 17\font
(fontspec)             =2.46999pt\relax \fontdimen 18\font =2.5pt\relax
(fontspec)             \fontdimen 19\font =2.0pt\relax \fontdimen 22\font
(fontspec)             =2.5pt\relax \fontdimen 20\font =0pt\relax \fontdimen
(fontspec)             21\font =0pt\relax 

LaTeX Font Info:    Encoding `OMS' has changed to `TU' for symbol font
(Font)              `symbols' in the math version `normal' on input line 84.
LaTeX Font Info:    Overwriting symbol font `symbols' in version `normal'
(Font)                  OMS/lmsy/m/n --> TU/latinmodern-math.otf(2)/m/n on input
 line 84.
LaTeX Font Info:    Encoding `OMS' has changed to `TU' for symbol font
(Font)              `symbols' in the math version `bold' on input line 84.
LaTeX Font Info:    Overwriting symbol font `symbols' in version `bold'
(Font)                  OMS/lmsy/b/n --> TU/latinmodern-math.otf(2)/b/n on input
 line 84.

Package fontspec Info: latinmodern-math scale = 0.9999964596882403.


Package fontspec Info: latinmodern-math scale = 0.9998964600422715.


Package fontspec Info: latinmodern-math scale = 0.9999964596882403.


Package fontspec Info: latinmodern-math scale = 0.9998964600422715.


Package fontspec Info: latinmodern-math scale = 0.9999964596882403.


Package fontspec Info: latinmodern-math scale = 0.9998964600422715.


Package fontspec Info: latinmodern-math scale = 0.9999964596882403.


Package fontspec Info: latinmodern-math scale = 0.9998964600422715.


Package fontspec Info: latinmodern-math scale = 0.9999964596882403.


Package fontspec Info: latinmodern-math scale = 0.9998964600422715.


Package fontspec Info: Font family 'latinmodern-math.otf(3)' created for font
(fontspec)             'latinmodern-math.otf' with options
(fontspec)             [Scale=MatchLowercase,Renderer=Basic,BoldItalicFont={},It
alicFont={},SmallCapsFont={},Script=Math,SizeFeatures={{Size=8.5-},{Size=6-8.5,F
ont=latinmodern-math.otf,Style=MathScript},{Size=-6,Font=latinmodern-math.otf,St
yle=MathScriptScript}},FontAdjustment={\__um_luatex_copy_fontdimens:
(fontspec)             },BoldFont={latinmodern-math.otf},ScaleAgain=0.9999,FontA
djustment={\fontdimen
(fontspec)             8\font =0.4pt\relax \fontdimen 9\font =2.0pt\relax
(fontspec)             \fontdimen 10\font =1.67pt\relax \fontdimen 11\font
(fontspec)             =1.10999pt\relax \fontdimen 12\font =6.0pt\relax
(fontspec)             \fontdimen 13\font =0pt\relax }].
(fontspec)              
(fontspec)              This font family consists of the following NFSS
(fontspec)             series/shapes:
(fontspec)              
(fontspec)             - 'normal' (m/n) with NFSS spec.:
(fontspec)             <8.5->s*[0.9998964600422715]"[latinmodern-math.otf]:mode=
base;script=math;language=dflt;"<6-8.5>s*[0.9998964600422715]"[latinmodern-math.
otf]:mode=base;script=math;language=dflt;+ssty=0;"<-6>s*[0.9998964600422715]"[la
tinmodern-math.otf]:mode=base;script=math;language=dflt;+ssty=1;"
(fontspec)             - 'small caps'  (m/sc) with NFSS spec.: 
(fontspec)             and font adjustment code:
(fontspec)             \__um_luatex_copy_fontdimens: \fontdimen 8\font
(fontspec)             =0.4pt\relax \fontdimen 9\font =2.0pt\relax \fontdimen
(fontspec)             10\font =1.67pt\relax \fontdimen 11\font
(fontspec)             =1.10999pt\relax \fontdimen 12\font =6.0pt\relax
(fontspec)             \fontdimen 13\font =0pt\relax 
(fontspec)             - 'bold' (b/n) with NFSS spec.:
(fontspec)             <->s*[0.9998964600422715]"[latinmodern-math.otf]:mode=bas
e;script=math;language=dflt;"
(fontspec)             - 'bold small caps'  (b/sc) with NFSS spec.: 
(fontspec)             and font adjustment code:
(fontspec)             \__um_luatex_copy_fontdimens: \fontdimen 8\font
(fontspec)             =0.4pt\relax \fontdimen 9\font =2.0pt\relax \fontdimen
(fontspec)             10\font =1.67pt\relax \fontdimen 11\font
(fontspec)             =1.10999pt\relax \fontdimen 12\font =6.0pt\relax
(fontspec)             \fontdimen 13\font =0pt\relax 

LaTeX Font Info:    Encoding `OMX' has changed to `TU' for symbol font
(Font)              `largesymbols' in the math version `normal' on input line 84
.
LaTeX Font Info:    Overwriting symbol font `largesymbols' in version `normal'
(Font)                  OMX/lmex/m/n --> TU/latinmodern-math.otf(3)/m/n on input
 line 84.
LaTeX Font Info:    Encoding `OMX' has changed to `TU' for symbol font
(Font)              `largesymbols' in the math version `bold' on input line 84.
LaTeX Font Info:    Overwriting symbol font `largesymbols' in version `bold'
(Font)                  OMX/lmex/m/n --> TU/latinmodern-math.otf(3)/b/n on input
 line 84.
LaTeX Font Info:    Font shape `TU/latinmodern-math.otf(1)/m/n' will be
(Font)              scaled to size 7.0pt on input line 84.
LaTeX Font Info:    Font shape `TU/latinmodern-math.otf(1)/m/n' will be
(Font)              scaled to size 5.0pt on input line 84.
LaTeX Font Info:    Trying to load font information for OML+lmm on input line 84
.
(c:/Users/cnilsen/AppData/Roaming/TinyTeX/texmf-dist/tex/latex/lm/omllmm.fd
File: omllmm.fd 2009/10/30 v1.6 Font defs for Latin Modern
)
LaTeX Font Info:    Font shape `TU/latinmodern-math.otf(2)/m/n' will be
(Font)              scaled to size 10.00092pt on input line 84.
LaTeX Font Info:    Font shape `TU/latinmodern-math.otf(2)/m/n' will be
(Font)              scaled to size 7.00064pt on input line 84.
LaTeX Font Info:    Font shape `TU/latinmodern-math.otf(2)/m/n' will be
(Font)              scaled to size 5.00046pt on input line 84.
LaTeX Font Info:    Font shape `TU/latinmodern-math.otf(3)/m/n' will be
(Font)              scaled to size 9.99893pt on input line 84.
LaTeX Font Info:    Font shape `TU/latinmodern-math.otf(3)/m/n' will be
(Font)              scaled to size 6.99925pt on input line 84.
LaTeX Font Info:    Font shape `TU/latinmodern-math.otf(3)/m/n' will be
(Font)              scaled to size 4.99947pt on input line 84.
LaTeX Font Info:    Trying to load font information for U+msa on input line 84.

(c:/Users/cnilsen/AppData/Roaming/TinyTeX/texmf-dist/tex/latex/amsfonts/umsa.fd
File: umsa.fd 2013/01/14 v3.01 AMS symbols A
)
LaTeX Font Info:    Trying to load font information for U+msb on input line 84.

(c:/Users/cnilsen/AppData/Roaming/TinyTeX/texmf-dist/tex/latex/amsfonts/umsb.fd
File: umsb.fd 2013/01/14 v3.01 AMS symbols B
)
(c:/Users/cnilsen/AppData/Roaming/TinyTeX/texmf-dist/tex/latex/epstopdf-pkg/eps
topdf-base.sty
Package: epstopdf-base 2020-01-24 v2.11 Base part for package epstopdf
Package epstopdf-base Info: Redefining graphics rule for `.eps' on input line 48
5.

(c:/Users/cnilsen/AppData/Roaming/TinyTeX/texmf-dist/tex/latex/latexconfig/epst
opdf-sys.cfg
File: epstopdf-sys.cfg 2010/07/13 v1.3 Configuration of (r)epstopdf for TeX Live

))
\AtBeginShipoutBox=\box53
Package hyperref Info: Link coloring OFF on input line 84.

(c:/Users/cnilsen/AppData/Roaming/TinyTeX/texmf-dist/tex/latex/hyperref/nameref
.sty
Package: nameref 2019/09/16 v2.46 Cross-referencing by name of section

(c:/Users/cnilsen/AppData/Roaming/TinyTeX/texmf-dist/tex/latex/refcount/refcoun
t.sty
Package: refcount 2019/12/15 v3.6 Data extraction from label references (HO)
)
(c:/Users/cnilsen/AppData/Roaming/TinyTeX/texmf-dist/tex/generic/gettitlestring
/gettitlestring.sty
Package: gettitlestring 2019/12/15 v1.6 Cleanup title references (HO)
)
\c@section@level=\count292
)
LaTeX Info: Redefining \ref on input line 84.
LaTeX Info: Redefining \pageref on input line 84.
LaTeX Info: Redefining \nameref on input line 84.
(./StormwaterHeatmapTechReference.out) (./StormwaterHeatmapTechReference.out)
\@outlinefile=\write3

\openout3 = StormwaterHeatmapTechReference.out
*geometry* driver: auto-detecting
*geometry* detected driver: luatex
*geometry* verbose mode - [ preamble ] result:
* driver: luatex
* paper: <default>
* layout: <same size as paper>
* layoutoffset:(h,v)=(0.0pt,0.0pt)
* modes: 
* h-part:(L,W,R)=(85.35826pt, 443.57848pt, 85.35826pt)
* v-part:(T,H,B)=(95.39737pt, 556.47656pt, 143.09605pt)
* \paperwidth=614.295pt
* \paperheight=794.96999pt
* \textwidth=443.57848pt
* \textheight=556.47656pt
* \oddsidemargin=13.08827pt
* \evensidemargin=13.08827pt
* \topmargin=-13.87262pt
* \headheight=12.0pt
* \headsep=25.0pt
* \topskip=10.0pt
* \footskip=30.0pt
* \marginparwidth=65.0pt
* \marginparsep=11.0pt
* \columnsep=10.0pt
* \skip\footins=9.0pt plus 4.0pt minus 2.0pt
* \hoffset=0.0pt
* \voffset=0.0pt
* \mag=1000
* \@twocolumnfalse
* \@twosidefalse
* \@mparswitchfalse
* \@reversemarginfalse
* (1in=72.27pt=25.4mm, 1cm=28.453pt)

LaTeX Font Info:    Font shape `TU/latinmodern-math.otf(1)/m/n' will be
(Font)              scaled to size 12.0pt on input line 86.
LaTeX Font Info:    Font shape `TU/latinmodern-math.otf(1)/m/n' will be
(Font)              scaled to size 8.0pt on input line 86.
LaTeX Font Info:    Font shape `TU/latinmodern-math.otf(1)/m/n' will be
(Font)              scaled to size 6.0pt on input line 86.
LaTeX Font Info:    Font shape `TU/latinmodern-math.otf(2)/m/n' will be
(Font)              scaled to size 12.0011pt on input line 86.
LaTeX Font Info:    Font shape `TU/latinmodern-math.otf(2)/m/n' will be
(Font)              scaled to size 8.00073pt on input line 86.
LaTeX Font Info:    Font shape `TU/latinmodern-math.otf(2)/m/n' will be
(Font)              scaled to size 6.00055pt on input line 86.
LaTeX Font Info:    Font shape `TU/latinmodern-math.otf(3)/m/n' will be
(Font)              scaled to size 11.99872pt on input line 86.
LaTeX Font Info:    Font shape `TU/latinmodern-math.otf(3)/m/n' will be
(Font)              scaled to size 7.99915pt on input line 86.
LaTeX Font Info:    Font shape `TU/latinmodern-math.otf(3)/m/n' will be
(Font)              scaled to size 5.99936pt on input line 86.
[1

{c:/Users/cnilsen/AppData/Roaming/TinyTeX/texmf-var/fonts/map/pdftex/updmap/pdft
ex.map}] (./StormwaterHeatmapTechReference.toc
warning  (pdf backend): ignoring duplicate destination with the name 'page.1'
[1

])
\tf@toc=\write4

\openout4 = StormwaterHeatmapTechReference.toc
[2] (./StormwaterHeatmapTechReference.lot)
\tf@lot=\write5

\openout5 = StormwaterHeatmapTechReference.lot
[3

] (./StormwaterHeatmapTechReference.lof)
\tf@lof=\write6

\openout6 = StormwaterHeatmapTechReference.lof
[4

] [5

]
Chapter 1.
[6

] [7] [8] [9]
Underfull \hbox (badness 10000) in paragraph at lines 186--188

 []


Underfull \hbox (badness 10000) in paragraph at lines 188--190

 []


Underfull \hbox (badness 10000) in paragraph at lines 190--191

 []


Underfull \hbox (badness 10000) in paragraph at lines 198--200

 []


Underfull \hbox (badness 10000) in paragraph at lines 200--202

 []


Underfull \hbox (badness 10000) in paragraph at lines 202--204

 []


Underfull \hbox (badness 10000) in paragraph at lines 204--205

 []


Underfull \hbox (badness 10000) in paragraph at lines 212--214

 []


Underfull \hbox (badness 10000) in paragraph at lines 214--215

 []


Underfull \hbox (badness 10000) in paragraph at lines 222--224

 []

[10] [11]
Chapter 2.
[12

] [13
Missing character: There is no ⅓ (U+2153) in font [lmroman10-regular]:+tlig;!
Missing character: There is no ⅓ (U+2153) in font [lmroman10-regular]:+tlig;!
]
Overfull \hbox (16.89351pt too wide) in paragraph at lines 327--345
| \TU/lmr/bx/n/10 ELSE IF\TU/lmtt/m/n/10 1-m Naïve Bayes label \TU/lmr/m/n/10 
in \TU/lmtt/m/n/10 (Fine vegetation, Medium vegetation, Coarse vegetation)\TU/l
mr/m/n/10 : 
 []

[14] [15] [16]
Chapter 3.
<images/hspf_perlnd.png, id=372, 397.485pt x 271.76532pt>
File: images/hspf_perlnd.png Graphic file (type png)
<use images/hspf_perlnd.png>
Package luatex.def Info: images/hspf_perlnd.png  used on input line 464.
(luatex.def)             Requested size: 397.50221pt x 271.77708pt.
[17

] [18<./images/hspf_perlnd.png>]
<qgis/for_figure.pdf, id=397, 449.39896pt x 395.10521pt>
File: qgis/for_figure.pdf Graphic file (type pdf)
<use qgis/for_figure.pdf>
Package luatex.def Info: qgis/for_figure.pdf  used on input line 509.
(luatex.def)             Requested size: 449.40471pt x 395.11028pt.

Overfull \hbox (5.82623pt too wide) in paragraph at lines 509--509
[][] 
 []

[19] [20<./qgis/for_figure.pdf>] [21
Missing character: There is no ⅛ (U+215B) in font [lmroman10-regular]:+tlig;!
] [22] [23] [24] [25] [26] [27]
<StormwaterHeatmapTechReference_files/figure-latex/madsenFig-1.pdf, id=501, 469.
755pt x 325.215pt>
File: StormwaterHeatmapTechReference_files/figure-latex/madsenFig-1.pdf Graphic 
file (type pdf)
<use StormwaterHeatmapTechReference_files/figure-latex/madsenFig-1.pdf>
Package luatex.def Info: StormwaterHeatmapTechReference_files/figure-latex/madse
nFig-1.pdf  used on input line 946.
(luatex.def)             Requested size: 443.57677pt x 307.0916pt.

LaTeX Warning: Reference `fig:precipCompare' on page 28 undefined on input line 
950.

<StormwaterHeatmapTechReference_files/figure-latex/precipCompare-1.pdf, id=502, 
469.755pt x 325.215pt>
File: StormwaterHeatmapTechReference_files/figure-latex/precipCompare-1.pdf Grap
hic file (type pdf)
<use StormwaterHeatmapTechReference_files/figure-latex/precipCompare-1.pdf>
Package luatex.def Info: StormwaterHeatmapTechReference_files/figure-latex/preci
pCompare-1.pdf  used on input line 951.
(luatex.def)             Requested size: 443.57677pt x 307.0916pt.

Overfull \hbox (33.7883pt too wide) in paragraph at lines 950--952
\TU/lmr/m/n/10 match. [] 
 []

[28] [29<./StormwaterHeatmapTechReference_files/figure-latex/madsenFig-1.pdf>]
<StormwaterHeatmapTechReference_files/figure-latex/annualQplots-1.pdf, id=517, 4
69.755pt x 578.16pt>
File: StormwaterHeatmapTechReference_files/figure-latex/annualQplots-1.pdf Graph
ic file (type pdf)
<use StormwaterHeatmapTechReference_files/figure-latex/annualQplots-1.pdf>
Package luatex.def Info: StormwaterHeatmapTechReference_files/figure-latex/annua
lQplots-1.pdf  used on input line 967.
(luatex.def)             Requested size: 443.57677pt x 545.94063pt.
[30<./StormwaterHeatmapTechReference_files/figure-latex/precipCompare-1.pdf>] [
31<./StormwaterHeatmapTechReference_files/figure-latex/annualQplots-1.pdf>]
<StormwaterHeatmapTechReference_files/figure-latex/fdrfig-1.pdf, id=541, 469.755
pt x 325.215pt>
File: StormwaterHeatmapTechReference_files/figure-latex/fdrfig-1.pdf Graphic fil
e (type pdf)
<use StormwaterHeatmapTechReference_files/figure-latex/fdrfig-1.pdf>
Package luatex.def Info: StormwaterHeatmapTechReference_files/figure-latex/fdrfi
g-1.pdf  used on input line 986.
(luatex.def)             Requested size: 443.57677pt x 307.0916pt.
<StormwaterHeatmapTechReference_files/figure-latex/flowIndexfig-1.pdf, id=544, 4
69.755pt x 325.215pt>
File: StormwaterHeatmapTechReference_files/figure-latex/flowIndexfig-1.pdf Graph
ic file (type pdf)
<use StormwaterHeatmapTechReference_files/figure-latex/flowIndexfig-1.pdf>
Package luatex.def Info: StormwaterHeatmapTechReference_files/figure-latex/flowI
ndexfig-1.pdf  used on input line 1002.
(luatex.def)             Requested size: 443.57677pt x 307.0916pt.
[32] [33<./StormwaterHeatmapTechReference_files/figure-latex/fdrfig-1.pdf>] [34
<./StormwaterHeatmapTechReference_files/figure-latex/flowIndexfig-1.pdf>]
Chapter 4.

Underfull \hbox (badness 10000) in paragraph at lines 1026--1028

 []


Underfull \hbox (badness 10000) in paragraph at lines 1028--1030

 []


Underfull \hbox (badness 10000) in paragraph at lines 1030--1032

 []


Underfull \hbox (badness 10000) in paragraph at lines 1032--1034

 []

[35

]
Underfull \hbox (badness 10000) in paragraph at lines 1034--1036

 []


Underfull \hbox (badness 10000) in paragraph at lines 1038--1040

 []

<StormwaterHeatmapTechReference_files/figure-latex/outlier1-1.pdf, id=589, 469.7
55pt x 325.215pt>
File: StormwaterHeatmapTechReference_files/figure-latex/outlier1-1.pdf Graphic f
ile (type pdf)
<use StormwaterHeatmapTechReference_files/figure-latex/outlier1-1.pdf>
Package luatex.def Info: StormwaterHeatmapTechReference_files/figure-latex/outli
er1-1.pdf  used on input line 1053.
(luatex.def)             Requested size: 443.57677pt x 307.0916pt.
<StormwaterHeatmapTechReference_files/figure-latex/tidyqqplots-1.pdf, id=591, 46
9.755pt x 325.215pt>
File: StormwaterHeatmapTechReference_files/figure-latex/tidyqqplots-1.pdf Graphi
c file (type pdf)
<use StormwaterHeatmapTechReference_files/figure-latex/tidyqqplots-1.pdf>
Package luatex.def Info: StormwaterHeatmapTechReference_files/figure-latex/tidyq
qplots-1.pdf  used on input line 1061.
(luatex.def)             Requested size: 443.57677pt x 307.0916pt.
<StormwaterHeatmapTechReference_files/figure-latex/outlier2-1.pdf, id=592, 469.7
55pt x 325.215pt>
File: StormwaterHeatmapTechReference_files/figure-latex/outlier2-1.pdf Graphic f
ile (type pdf)
<use StormwaterHeatmapTechReference_files/figure-latex/outlier2-1.pdf>
Package luatex.def Info: StormwaterHeatmapTechReference_files/figure-latex/outli
er2-1.pdf  used on input line 1067.
(luatex.def)             Requested size: 443.57677pt x 307.0916pt.
[36] [37<./StormwaterHeatmapTechReference_files/figure-latex/outlier1-1.pdf>] [
38<./StormwaterHeatmapTechReference_files/figure-latex/tidyqqplots-1.pdf>] [39<.
/StormwaterHeatmapTechReference_files/figure-latex/outlier2-1.pdf>]

LaTeX Warning: Reference `fig:vifTable' on page 40 undefined on input line 1160.


[40
Missing character: There is no μ (U+03BC) in font [lmroman10-regular]:+tlig;!
] [41] [42] [43] [44] [45] [46] [47] [48] [49] [50]

LaTeX Warning: Reference `fig:znPDC' on page 51 undefined on input line 1691.

<StormwaterHeatmapTechReference_files/figure-latex/znPDC-1.pdf, id=745, 469.755p
t x 325.215pt>
File: StormwaterHeatmapTechReference_files/figure-latex/znPDC-1.pdf Graphic file
 (type pdf)
<use StormwaterHeatmapTechReference_files/figure-latex/znPDC-1.pdf>
Package luatex.def Info: StormwaterHeatmapTechReference_files/figure-latex/znPDC
-1.pdf  used on input line 1697.
(luatex.def)             Requested size: 443.57677pt x 307.0916pt.
[51]

LaTeX Warning: Reference `fig:zntrace' on page 52 undefined on input line 1702.

<StormwaterHeatmapTechReference_files/figure-latex/zntrace-1.pdf, id=752, 469.75
5pt x 325.215pt>
File: StormwaterHeatmapTechReference_files/figure-latex/zntrace-1.pdf Graphic fi
le (type pdf)
<use StormwaterHeatmapTechReference_files/figure-latex/zntrace-1.pdf>
Package luatex.def Info: StormwaterHeatmapTechReference_files/figure-latex/zntra
ce-1.pdf  used on input line 1703.
(luatex.def)             Requested size: 443.57677pt x 307.0916pt.
[52<./StormwaterHeatmapTechReference_files/figure-latex/znPDC-1.pdf>] [53<./Stor
mwaterHeatmapTechReference_files/figure-latex/zntrace-1.pdf>]

LaTeX Warning: Reference `fig:cuPDC' on page 54 undefined on input line 1790.

<StormwaterHeatmapTechReference_files/figure-latex/cuPDC-1.pdf, id=778, 469.755p
t x 325.215pt>
File: StormwaterHeatmapTechReference_files/figure-latex/cuPDC-1.pdf Graphic file
 (type pdf)
<use StormwaterHeatmapTechReference_files/figure-latex/cuPDC-1.pdf>
Package luatex.def Info: StormwaterHeatmapTechReference_files/figure-latex/cuPDC
-1.pdf  used on input line 1796.
(luatex.def)             Requested size: 443.57677pt x 307.0916pt.
[54]

LaTeX Warning: Reference `fig:cutrace' on page 55 undefined on input line 1801.

<StormwaterHeatmapTechReference_files/figure-latex/cutrace-1.pdf, id=784, 469.75
5pt x 325.215pt>
File: StormwaterHeatmapTechReference_files/figure-latex/cutrace-1.pdf Graphic fi
le (type pdf)
<use StormwaterHeatmapTechReference_files/figure-latex/cutrace-1.pdf>
Package luatex.def Info: StormwaterHeatmapTechReference_files/figure-latex/cutra
ce-1.pdf  used on input line 1802.
(luatex.def)             Requested size: 443.57677pt x 307.0916pt.
[55<./StormwaterHeatmapTechReference_files/figure-latex/cuPDC-1.pdf>] [56<./Stor
mwaterHeatmapTechReference_files/figure-latex/cutrace-1.pdf>]

LaTeX Warning: Reference `fig:nnPDC' on page 57 undefined on input line 1877.

<StormwaterHeatmapTechReference_files/figure-latex/nnPDC-1.pdf, id=812, 469.755p
t x 325.215pt>
File: StormwaterHeatmapTechReference_files/figure-latex/nnPDC-1.pdf Graphic file
 (type pdf)
<use StormwaterHeatmapTechReference_files/figure-latex/nnPDC-1.pdf>
Package luatex.def Info: StormwaterHeatmapTechReference_files/figure-latex/nnPDC
-1.pdf  used on input line 1883.
(luatex.def)             Requested size: 443.57677pt x 307.0916pt.
[57]

LaTeX Warning: Reference `fig:nntrace' on page 58 undefined on input line 1888.

<StormwaterHeatmapTechReference_files/figure-latex/nntrace-1.pdf, id=819, 469.75
5pt x 325.215pt>
File: StormwaterHeatmapTechReference_files/figure-latex/nntrace-1.pdf Graphic fi
le (type pdf)
<use StormwaterHeatmapTechReference_files/figure-latex/nntrace-1.pdf>
Package luatex.def Info: StormwaterHeatmapTechReference_files/figure-latex/nntra
ce-1.pdf  used on input line 1889.
(luatex.def)             Requested size: 443.57677pt x 307.0916pt.
[58<./StormwaterHeatmapTechReference_files/figure-latex/nnPDC-1.pdf>] [59<./Stor
mwaterHeatmapTechReference_files/figure-latex/nntrace-1.pdf>]

LaTeX Warning: Reference `fig:pbPDC' on page 60 undefined on input line 1964.

<StormwaterHeatmapTechReference_files/figure-latex/pbPDC-1.pdf, id=845, 469.755p
t x 325.215pt>
File: StormwaterHeatmapTechReference_files/figure-latex/pbPDC-1.pdf Graphic file
 (type pdf)
<use StormwaterHeatmapTechReference_files/figure-latex/pbPDC-1.pdf>
Package luatex.def Info: StormwaterHeatmapTechReference_files/figure-latex/pbPDC
-1.pdf  used on input line 1970.
(luatex.def)             Requested size: 443.57677pt x 307.0916pt.

LaTeX Warning: Reference `fig:pbtrace' on page 60 undefined on input line 1972.

<StormwaterHeatmapTechReference_files/figure-latex/pbtrace-1.pdf, id=846, 469.75
5pt x 325.215pt>
File: StormwaterHeatmapTechReference_files/figure-latex/pbtrace-1.pdf Graphic fi
le (type pdf)
<use StormwaterHeatmapTechReference_files/figure-latex/pbtrace-1.pdf>
Package luatex.def Info: StormwaterHeatmapTechReference_files/figure-latex/pbtra
ce-1.pdf  used on input line 1973.
(luatex.def)             Requested size: 443.57677pt x 307.0916pt.

Underfull \hbox (badness 10000) in paragraph at lines 1970--1974
[][]
 []

[60] [61<./StormwaterHeatmapTechReference_files/figure-latex/pbPDC-1.pdf>] [62<.
/StormwaterHeatmapTechReference_files/figure-latex/pbtrace-1.pdf>]

LaTeX Warning: Reference `fig:tpPDC' on page 63 undefined on input line 2048.

<StormwaterHeatmapTechReference_files/figure-latex/tpPDC-1.pdf, id=877, 469.755p
t x 325.215pt>
File: StormwaterHeatmapTechReference_files/figure-latex/tpPDC-1.pdf Graphic file
 (type pdf)
<use StormwaterHeatmapTechReference_files/figure-latex/tpPDC-1.pdf>
Package luatex.def Info: StormwaterHeatmapTechReference_files/figure-latex/tpPDC
-1.pdf  used on input line 2054.
(luatex.def)             Requested size: 443.57677pt x 307.0916pt.
[63]

LaTeX Warning: Reference `fig:tptrace' on page 64 undefined on input line 2059.

<StormwaterHeatmapTechReference_files/figure-latex/tptrace-1.pdf, id=884, 469.75
5pt x 325.215pt>
File: StormwaterHeatmapTechReference_files/figure-latex/tptrace-1.pdf Graphic fi
le (type pdf)
<use StormwaterHeatmapTechReference_files/figure-latex/tptrace-1.pdf>
Package luatex.def Info: StormwaterHeatmapTechReference_files/figure-latex/tptra
ce-1.pdf  used on input line 2060.
(luatex.def)             Requested size: 443.57677pt x 307.0916pt.

Underfull \hbox (badness 10000) in paragraph at lines 2059--2064
[]
 []

[64<./StormwaterHeatmapTechReference_files/figure-latex/tpPDC-1.pdf>] [65<./Stor
mwaterHeatmapTechReference_files/figure-latex/tptrace-1.pdf>]

LaTeX Warning: Reference `fig:tssPDC' on page 66 undefined on input line 2130.

<StormwaterHeatmapTechReference_files/figure-latex/tssPDC-1.pdf, id=906, 469.755
pt x 325.215pt>
File: StormwaterHeatmapTechReference_files/figure-latex/tssPDC-1.pdf Graphic fil
e (type pdf)
<use StormwaterHeatmapTechReference_files/figure-latex/tssPDC-1.pdf>
Package luatex.def Info: StormwaterHeatmapTechReference_files/figure-latex/tssPD
C-1.pdf  used on input line 2136.
(luatex.def)             Requested size: 443.57677pt x 307.0916pt.
[66]

LaTeX Warning: Reference `fig:tsstrace' on page 67 undefined on input line 2141.


<StormwaterHeatmapTechReference_files/figure-latex/tsstrace-1.pdf, id=913, 469.7
55pt x 325.215pt>
File: StormwaterHeatmapTechReference_files/figure-latex/tsstrace-1.pdf Graphic f
ile (type pdf)
<use StormwaterHeatmapTechReference_files/figure-latex/tsstrace-1.pdf>
Package luatex.def Info: StormwaterHeatmapTechReference_files/figure-latex/tsstr
ace-1.pdf  used on input line 2142.
(luatex.def)             Requested size: 443.57677pt x 307.0916pt.
[67<./StormwaterHeatmapTechReference_files/figure-latex/tssPDC-1.pdf>] [68<./Sto
rmwaterHeatmapTechReference_files/figure-latex/tsstrace-1.pdf>]

LaTeX Warning: Reference `fig:pahPDC' on page 69 undefined on input line 2217.

<StormwaterHeatmapTechReference_files/figure-latex/pahPDC-1.pdf, id=940, 469.755
pt x 325.215pt>
File: StormwaterHeatmapTechReference_files/figure-latex/pahPDC-1.pdf Graphic fil
e (type pdf)
<use StormwaterHeatmapTechReference_files/figure-latex/pahPDC-1.pdf>
Package luatex.def Info: StormwaterHeatmapTechReference_files/figure-latex/pahPD
C-1.pdf  used on input line 2223.
(luatex.def)             Requested size: 443.57677pt x 307.0916pt.
[69]

LaTeX Warning: Reference `fig:pahtrace' on page 70 undefined on input line 2228.


<StormwaterHeatmapTechReference_files/figure-latex/pahtrace-1.pdf, id=947, 469.7
55pt x 325.215pt>
File: StormwaterHeatmapTechReference_files/figure-latex/pahtrace-1.pdf Graphic f
ile (type pdf)
<use StormwaterHeatmapTechReference_files/figure-latex/pahtrace-1.pdf>
Package luatex.def Info: StormwaterHeatmapTechReference_files/figure-latex/pahtr
ace-1.pdf  used on input line 2229.
(luatex.def)             Requested size: 443.57677pt x 307.0916pt.
[70<./StormwaterHeatmapTechReference_files/figure-latex/pahPDC-1.pdf>] [71<./Sto
rmwaterHeatmapTechReference_files/figure-latex/pahtrace-1.pdf>]

LaTeX Warning: Reference `fig:cpahPDC' on page 72 undefined on input line 2316.

<StormwaterHeatmapTechReference_files/figure-latex/cpahPDC-1.pdf, id=974, 469.75
5pt x 325.215pt>
File: StormwaterHeatmapTechReference_files/figure-latex/cpahPDC-1.pdf Graphic fi
le (type pdf)
<use StormwaterHeatmapTechReference_files/figure-latex/cpahPDC-1.pdf>
Package luatex.def Info: StormwaterHeatmapTechReference_files/figure-latex/cpahP
DC-1.pdf  used on input line 2322.
(luatex.def)             Requested size: 443.57677pt x 307.0916pt.
[72]

LaTeX Warning: Reference `fig:cpahtrace' on page 73 undefined on input line 2327
.

<StormwaterHeatmapTechReference_files/figure-latex/cpahtrace-1.pdf, id=980, 469.
755pt x 325.215pt>
File: StormwaterHeatmapTechReference_files/figure-latex/cpahtrace-1.pdf Graphic 
file (type pdf)
<use StormwaterHeatmapTechReference_files/figure-latex/cpahtrace-1.pdf>
Package luatex.def Info: StormwaterHeatmapTechReference_files/figure-latex/cpaht
race-1.pdf  used on input line 2328.
(luatex.def)             Requested size: 443.57677pt x 307.0916pt.
[73<./StormwaterHeatmapTechReference_files/figure-latex/cpahPDC-1.pdf>] [74<./St
ormwaterHeatmapTechReference_files/figure-latex/cpahtrace-1.pdf>]

LaTeX Warning: Reference `fig:hpahPDC' on page 75 undefined on input line 2401.

<StormwaterHeatmapTechReference_files/figure-latex/hpahPDC-1.pdf, id=1005, 469.7
55pt x 325.215pt>
File: StormwaterHeatmapTechReference_files/figure-latex/hpahPDC-1.pdf Graphic fi
le (type pdf)
<use StormwaterHeatmapTechReference_files/figure-latex/hpahPDC-1.pdf>
Package luatex.def Info: StormwaterHeatmapTechReference_files/figure-latex/hpahP
DC-1.pdf  used on input line 2407.
(luatex.def)             Requested size: 443.57677pt x 307.0916pt.
[75]

LaTeX Warning: Reference `fig:hpahtrace' on page 76 undefined on input line 2412
.

<StormwaterHeatmapTechReference_files/figure-latex/hpahtrace-1.pdf, id=1012, 469
.755pt x 325.215pt>
File: StormwaterHeatmapTechReference_files/figure-latex/hpahtrace-1.pdf Graphic 
file (type pdf)
<use StormwaterHeatmapTechReference_files/figure-latex/hpahtrace-1.pdf>
Package luatex.def Info: StormwaterHeatmapTechReference_files/figure-latex/hpaht
race-1.pdf  used on input line 2413.
(luatex.def)             Requested size: 443.57677pt x 307.0916pt.
[76<./StormwaterHeatmapTechReference_files/figure-latex/hpahPDC-1.pdf>]
<StormwaterHeatmapTechReference_files/figure-latex/unnamed-chunk-28-1.pdf, id=10
24, 469.755pt x 325.215pt>
File: StormwaterHeatmapTechReference_files/figure-latex/unnamed-chunk-28-1.pdf G
raphic file (type pdf)
<use StormwaterHeatmapTechReference_files/figure-latex/unnamed-chunk-28-1.pdf>
Package luatex.def Info: StormwaterHeatmapTechReference_files/figure-latex/unnam
ed-chunk-28-1.pdf  used on input line 2424.
(luatex.def)             Requested size: 443.57677pt x 307.0916pt.
[77<./StormwaterHeatmapTechReference_files/figure-latex/hpahtrace-1.pdf>]
<StormwaterHeatmapTechReference_files/figure-latex/unnamed-chunk-28-2.pdf, id=10
34, 469.755pt x 325.215pt>
File: StormwaterHeatmapTechReference_files/figure-latex/unnamed-chunk-28-2.pdf G
raphic file (type pdf)
<use StormwaterHeatmapTechReference_files/figure-latex/unnamed-chunk-28-2.pdf>
Package luatex.def Info: StormwaterHeatmapTechReference_files/figure-latex/unnam
ed-chunk-28-2.pdf  used on input line 2430.
(luatex.def)             Requested size: 443.57677pt x 307.0916pt.
[78<./StormwaterHeatmapTechReference_files/figure-latex/unnamed-chunk-28-1.pdf>]
<StormwaterHeatmapTechReference_files/figure-latex/unnamed-chunk-28-3.pdf, id=10
49, 469.755pt x 325.215pt>
File: StormwaterHeatmapTechReference_files/figure-latex/unnamed-chunk-28-3.pdf G
raphic file (type pdf)
<use StormwaterHeatmapTechReference_files/figure-latex/unnamed-chunk-28-3.pdf>
Package luatex.def Info: StormwaterHeatmapTechReference_files/figure-latex/unnam
ed-chunk-28-3.pdf  used on input line 2436.
(luatex.def)             Requested size: 443.57677pt x 307.0916pt.
[79<./StormwaterHeatmapTechReference_files/figure-latex/unnamed-chunk-28-2.pdf>]
<StormwaterHeatmapTechReference_files/figure-latex/unnamed-chunk-28-4.pdf, id=10
63, 469.755pt x 325.215pt>
File: StormwaterHeatmapTechReference_files/figure-latex/unnamed-chunk-28-4.pdf G
raphic file (type pdf)
<use StormwaterHeatmapTechReference_files/figure-latex/unnamed-chunk-28-4.pdf>
Package luatex.def Info: StormwaterHeatmapTechReference_files/figure-latex/unnam
ed-chunk-28-4.pdf  used on input line 2442.
(luatex.def)             Requested size: 443.57677pt x 307.0916pt.
[80<./StormwaterHeatmapTechReference_files/figure-latex/unnamed-chunk-28-3.pdf>]
<StormwaterHeatmapTechReference_files/figure-latex/unnamed-chunk-28-5.pdf, id=10
78, 469.755pt x 325.215pt>
File: StormwaterHeatmapTechReference_files/figure-latex/unnamed-chunk-28-5.pdf G
raphic file (type pdf)
<use StormwaterHeatmapTechReference_files/figure-latex/unnamed-chunk-28-5.pdf>
Package luatex.def Info: StormwaterHeatmapTechReference_files/figure-latex/unnam
ed-chunk-28-5.pdf  used on input line 2448.
(luatex.def)             Requested size: 443.57677pt x 307.0916pt.
[81<./StormwaterHeatmapTechReference_files/figure-latex/unnamed-chunk-28-4.pdf>]
<StormwaterHeatmapTechReference_files/figure-latex/unnamed-chunk-28-6.pdf, id=10
92, 469.755pt x 325.215pt>
File: StormwaterHeatmapTechReference_files/figure-latex/unnamed-chunk-28-6.pdf G
raphic file (type pdf)
<use StormwaterHeatmapTechReference_files/figure-latex/unnamed-chunk-28-6.pdf>
Package luatex.def Info: StormwaterHeatmapTechReference_files/figure-latex/unnam
ed-chunk-28-6.pdf  used on input line 2454.
(luatex.def)             Requested size: 443.57677pt x 307.0916pt.
[82<./StormwaterHeatmapTechReference_files/figure-latex/unnamed-chunk-28-5.pdf>]
<StormwaterHeatmapTechReference_files/figure-latex/unnamed-chunk-28-7.pdf, id=11
06, 469.755pt x 325.215pt>
File: StormwaterHeatmapTechReference_files/figure-latex/unnamed-chunk-28-7.pdf G
raphic file (type pdf)
<use StormwaterHeatmapTechReference_files/figure-latex/unnamed-chunk-28-7.pdf>
Package luatex.def Info: StormwaterHeatmapTechReference_files/figure-latex/unnam
ed-chunk-28-7.pdf  used on input line 2460.
(luatex.def)             Requested size: 443.57677pt x 307.0916pt.
[83<./StormwaterHeatmapTechReference_files/figure-latex/unnamed-chunk-28-6.pdf>]
<StormwaterHeatmapTechReference_files/figure-latex/unnamed-chunk-28-8.pdf, id=11
20, 469.755pt x 325.215pt>
File: StormwaterHeatmapTechReference_files/figure-latex/unnamed-chunk-28-8.pdf G
raphic file (type pdf)
<use StormwaterHeatmapTechReference_files/figure-latex/unnamed-chunk-28-8.pdf>
Package luatex.def Info: StormwaterHeatmapTechReference_files/figure-latex/unnam
ed-chunk-28-8.pdf  used on input line 2466.
(luatex.def)             Requested size: 443.57677pt x 307.0916pt.
[84<./StormwaterHeatmapTechReference_files/figure-latex/unnamed-chunk-28-7.pdf>]
<StormwaterHeatmapTechReference_files/figure-latex/unnamed-chunk-28-9.pdf, id=11
34, 469.755pt x 325.215pt>
File: StormwaterHeatmapTechReference_files/figure-latex/unnamed-chunk-28-9.pdf G
raphic file (type pdf)
<use StormwaterHeatmapTechReference_files/figure-latex/unnamed-chunk-28-9.pdf>
Package luatex.def Info: StormwaterHeatmapTechReference_files/figure-latex/unnam
ed-chunk-28-9.pdf  used on input line 2472.
(luatex.def)             Requested size: 443.57677pt x 307.0916pt.
[85<./StormwaterHeatmapTechReference_files/figure-latex/unnamed-chunk-28-8.pdf>] [86<./StormwaterHeatmapTechReference_files/figure-latex/unnamed-chunk-28-9.pdf>]

LaTeX Font Warning: Command \tiny invalid in math mode on input line 2494.


LaTeX Font Warning: Command \tiny invalid in math mode on input line 2502.

[87
Missing character: There is no β (U+03B2) in font [lmroman10-regular]:+tlig;!
]
Chapter 5.
[88

] [89] [90]
Appendix A.
[91

] [92] [93] [94] [95] [96] [97] [98] [99] [100] [101] [102] [103] [104] [105] [
106] [107] [108] [109] [110] [111] [112]
Appendix B.
[113

] [114] [115]
Package atveryend Info: Empty hook `BeforeClearDocument' on input line 4108.
[116]
Package atveryend Info: Empty hook `AfterLastShipout' on input line 4108.
(./StormwaterHeatmapTechReference.aux)
Package atveryend Info: Executing hook `AtVeryEndDocument' on input line 4108.
Package atveryend Info: Executing hook `AtEndAfterFileList' on input line 4108.
Package rerunfilecheck Info: File `StormwaterHeatmapTechReference.out' has not c
hanged.
(rerunfilecheck)             Checksum: B3AE1347DDC9289003D1B653FC5BF8C7;5905.

LaTeX Warning: There were undefined references.


LaTeX Warning: There were multiply-defined labels.

)

Here is how much of LuaTeX's memory you used:
 18851 strings out of 480883
 125171,953878 words of node,token memory allocated
 742 words of node memory still in use:
   6 hlist, 2 vlist, 2 rule, 9 glue, 4 kern, 1 glyph, 33 attribute, 59 glue_spec
, 33 attribute_list, 1 write, 11 pdf_action nodes
   avail lists: 1:2,2:2519,3:210,4:42,5:290,6:68,7:5610,8:109,9:886,10:17,11:379
 35329 multiletter control sequences out of 65536+600000
 82 fonts using 16677943 bytes
 53i,11n,118p,1604b,461s stack positions out of 5000i,500n,10000p,200000b,100000s
<c:/Users/cnilsen/AppData/Roaming/TinyTeX/texmf-dist/fonts/opentype/public/lm/lm
roman10-bolditalic.otf><c:/Users/cnilsen/AppData/Roaming/TinyTeX/texmf-dist/font
s/opentype/public/lm/lmmono10-regular.otf><c:/Users/cnilsen/AppData/Roaming/Tiny
TeX/texmf-dist/fonts/opentype/public/lm-math/latinmodern-math.otf><c:/Users/cnil
sen/AppData/Roaming/TinyTeX/texmf-dist/fonts/opentype/public/lm-math/latinmodern
-math.otf><c:/Users/cnilsen/AppData/Roaming/TinyTeX/texmf-dist/fonts/opentype/pu
blic/lm/lmroman10-italic.otf><c:/Users/cnilsen/AppData/Roaming/TinyTeX/texmf-dis
t/fonts/opentype/public/lm/lmroman8-regular.otf><c:/Users/cnilsen/AppData/Roamin
g/TinyTeX/texmf-dist/fonts/opentype/public/lm/lmroman6-regular.otf><c:/Users/cni
lsen/AppData/Roaming/TinyTeX/texmf-dist/fonts/opentype/public/lm/lmroman7-regula
r.otf><c:/Users/cnilsen/AppData/Roaming/TinyTeX/texmf-dist/fonts/opentype/public
/lm/lmroman10-regular.otf><c:/Users/cnilsen/AppData/Roaming/TinyTeX/texmf-dist/f
onts/opentype/public/lm/lmroman10-bold.otf><c:/Users/cnilsen/AppData/Roaming/Tin
yTeX/texmf-dist/fonts/opentype/public/lm/lmroman12-bold.otf><c:/Users/cnilsen/Ap
pData/Roaming/TinyTeX/texmf-dist/fonts/opentype/public/lm/lmroman12-regular.otf>
<c:/Users/cnilsen/AppData/Roaming/TinyTeX/texmf-dist/fonts/opentype/public/lm/lm
roman17-regular.otf>
Output written on StormwaterHeatmapTechReference.pdf (117 pages, 6412958 bytes).


PDF statistics: 1421 PDF objects out of 1440 (max. 8388607)
 1172 compressed objects within 12 object streams
 401 named destinations out of 1000 (max. 131072)
 241 words of extra memory for PDF output out of 10000 (max. 100000000)

